{
  "stats": {
    "suites": 1,
    "tests": 2,
    "passes": 1,
    "pending": 0,
    "failures": 1,
    "start": "2023-11-22T10:43:20.610Z",
    "end": "2023-11-22T10:43:23.129Z",
    "duration": 2519,
    "testsRegistered": 2,
    "passPercent": 50,
    "pendingPercent": 0,
    "other": 0,
    "hasOther": false,
    "skipped": 0,
    "hasSkipped": false
  },
  "results": [
    {
      "uuid": "df7311e0-3c0f-4468-9b5e-25642825cc9c",
      "title": "",
      "fullFile": "C:\\Users\\mhani\\Magang\\Portofolio QA\\petstore-sample-API-testing\\test\\api\\chaiAssert.js",
      "file": "\\test\\api\\chaiAssert.js",
      "beforeHooks": [],
      "afterHooks": [],
      "tests": [],
      "suites": [
        {
          "uuid": "16dc04bb-8ae6-465b-b38d-c3a5c5e71af4",
          "title": "Post Request",
          "fullFile": "C:\\Users\\mhani\\Magang\\Portofolio QA\\petstore-sample-API-testing\\test\\api\\chaiAssert.js",
          "file": "\\test\\api\\chaiAssert.js",
          "beforeHooks": [],
          "afterHooks": [],
          "tests": [
            {
              "title": "response status equal to 200",
              "fullTitle": "Post Request response status equal to 200",
              "timedOut": true,
              "duration": 2011,
              "state": "failed",
              "speed": null,
              "pass": false,
              "fail": true,
              "pending": false,
              "context": null,
              "code": "//check response status\nexpect((await response).status).to.equal(200)",
              "err": {
                "message": "Error: Timeout of 2000ms exceeded. For async tests and hooks, ensure \"done()\" is called; if returning a Promise, ensure it resolves. (C:\\Users\\mhani\\Magang\\Portofolio QA\\petstore-sample-API-testing\\test\\api\\chaiAssert.js)",
                "estack": "Error: Timeout of 2000ms exceeded. For async tests and hooks, ensure \"done()\" is called; if returning a Promise, ensure it resolves. (C:\\Users\\mhani\\Magang\\Portofolio QA\\petstore-sample-API-testing\\test\\api\\chaiAssert.js)\n    at listOnTimeout (node:internal/timers:573:17)\n    at process.processTimers (node:internal/timers:514:7)",
                "diff": null
              },
              "uuid": "2cfd53a0-3bb8-4747-bf02-54347fb6d8e5",
              "parentUUID": "16dc04bb-8ae6-465b-b38d-c3a5c5e71af4",
              "isHook": false,
              "skipped": false
            },
            {
              "title": "response body to haveOwnProperty",
              "fullTitle": "Post Request response body to haveOwnProperty",
              "timedOut": false,
              "duration": 500,
              "state": "passed",
              "speed": "slow",
              "pass": true,
              "fail": false,
              "pending": false,
              "context": null,
              "code": "//expext value \"message\" in body response\nexpect((await response).body).to.haveOwnProperty('message')",
              "err": {},
              "uuid": "6ce8b9a8-38eb-46ae-bb15-1e48b4f4b7cc",
              "parentUUID": "16dc04bb-8ae6-465b-b38d-c3a5c5e71af4",
              "isHook": false,
              "skipped": false
            }
          ],
          "suites": [],
          "passes": [
            "6ce8b9a8-38eb-46ae-bb15-1e48b4f4b7cc"
          ],
          "failures": [
            "2cfd53a0-3bb8-4747-bf02-54347fb6d8e5"
          ],
          "pending": [],
          "skipped": [],
          "duration": 2511,
          "root": false,
          "rootEmpty": false,
          "_timeout": 2000
        }
      ],
      "passes": [],
      "failures": [],
      "pending": [],
      "skipped": [],
      "duration": 0,
      "root": true,
      "rootEmpty": true,
      "_timeout": 2000
    }
  ],
  "meta": {
    "mocha": {
      "version": "10.2.0"
    },
    "mochawesome": {
      "options": {
        "quiet": false,
        "reportFilename": "mochawesome",
        "saveHtml": true,
        "saveJson": true,
        "consoleReporter": "spec",
        "useInlineDiffs": false,
        "code": true
      },
      "version": "7.1.3"
    },
    "marge": {
      "options": null,
      "version": "6.2.0"
    }
  }
}