{
  "stats": {
    "suites": 1,
    "tests": 2,
    "passes": 2,
    "pending": 0,
    "failures": 0,
    "start": "2023-11-23T03:00:28.380Z",
    "end": "2023-11-23T03:00:29.972Z",
    "duration": 1592,
    "testsRegistered": 2,
    "passPercent": 100,
    "pendingPercent": 0,
    "other": 0,
    "hasOther": false,
    "skipped": 0,
    "hasSkipped": false
  },
  "results": [
    {
      "uuid": "0db5413d-c2b1-4b33-9b16-1a0e522149ec",
      "title": "",
      "fullFile": "C:\\Users\\mhani\\Magang\\Portofolio QA\\petstore-sample-API-testing\\test\\api\\chaiAssert.js",
      "file": "\\test\\api\\chaiAssert.js",
      "beforeHooks": [],
      "afterHooks": [],
      "tests": [],
      "suites": [
        {
          "uuid": "453d89e5-0d44-4255-9f47-5ecc78336fff",
          "title": "Post Request",
          "fullFile": "C:\\Users\\mhani\\Magang\\Portofolio QA\\petstore-sample-API-testing\\test\\api\\chaiAssert.js",
          "file": "\\test\\api\\chaiAssert.js",
          "beforeHooks": [],
          "afterHooks": [],
          "tests": [
            {
              "title": "response status equal to 200",
              "fullTitle": "Post Request response status equal to 200",
              "timedOut": false,
              "duration": 1586,
              "state": "passed",
              "speed": "slow",
              "pass": true,
              "fail": false,
              "pending": false,
              "context": null,
              "code": "//check response status\nexpect((await response).status).to.equal(200)",
              "err": {},
              "uuid": "f8ca430e-b760-476c-8fb9-72c59646efa3",
              "parentUUID": "453d89e5-0d44-4255-9f47-5ecc78336fff",
              "isHook": false,
              "skipped": false
            },
            {
              "title": "response body to haveOwnProperty",
              "fullTitle": "Post Request response body to haveOwnProperty",
              "timedOut": false,
              "duration": 1,
              "state": "passed",
              "speed": "fast",
              "pass": true,
              "fail": false,
              "pending": false,
              "context": null,
              "code": "//expext value \"message\" in body response\nexpect((await response).body).to.haveOwnProperty('message')",
              "err": {},
              "uuid": "564a9c83-9bf3-4578-9a36-f5fd1ce97c0a",
              "parentUUID": "453d89e5-0d44-4255-9f47-5ecc78336fff",
              "isHook": false,
              "skipped": false
            }
          ],
          "suites": [],
          "passes": [
            "f8ca430e-b760-476c-8fb9-72c59646efa3",
            "564a9c83-9bf3-4578-9a36-f5fd1ce97c0a"
          ],
          "failures": [],
          "pending": [],
          "skipped": [],
          "duration": 1587,
          "root": false,
          "rootEmpty": false,
          "_timeout": 2000
        }
      ],
      "passes": [],
      "failures": [],
      "pending": [],
      "skipped": [],
      "duration": 0,
      "root": true,
      "rootEmpty": true,
      "_timeout": 2000
    }
  ],
  "meta": {
    "mocha": {
      "version": "10.2.0"
    },
    "mochawesome": {
      "options": {
        "quiet": false,
        "reportFilename": "mochawesome",
        "saveHtml": true,
        "saveJson": true,
        "consoleReporter": "spec",
        "useInlineDiffs": false,
        "code": true
      },
      "version": "7.1.3"
    },
    "marge": {
      "options": null,
      "version": "6.2.0"
    }
  }
}